
/home/runner/work/exp-column-peri-iitd/exp-column-peri-iitd/experiment/simulation/js/layout.js
   9:10  warning  'nextDrawerItem' is defined but never used  no-unused-vars
  20:10  warning  'backDrawerItem' is defined but never used  no-unused-vars

/home/runner/work/exp-column-peri-iitd/exp-column-peri-iitd/experiment/simulation/js/main.js
   189:7   warning  'ChartGraph' is assigned a value but never used     no-unused-vars
   193:6   warning  'Graph1' is not defined                             no-undef
   197:6   warning  'Graph2' is not defined                             no-undef
   201:6   warning  'Graph3' is not defined                             no-undef
   205:6   warning  'Graph4' is not defined                             no-undef
   221:23  warning  'Chart' is not defined                              no-undef
   255:5   warning  'isPerformNext' is assigned a value but never used  no-unused-vars
   280:7   warning  'opacity' is assigned a value but never used        no-unused-vars
   286:7   warning  'hideAll' is assigned a value but never used        no-unused-vars
   286:28  warning  'disp' is assigned a value but never used           no-unused-vars
   292:7   warning  'showAll' is assigned a value but never used        no-unused-vars
   292:28  warning  'disp' is assigned a value but never used           no-unused-vars
   299:7   warning  'set' is assigned a value but never used            no-unused-vars
   332:29  warning  'speed' is assigned a value but never used          no-unused-vars
   339:15  warning  'Typed' is not defined                              no-undef
   360:19  warning  'src' is not defined                                no-undef
   494:17  warning  'anime' is not defined                              no-undef
   648:10  warning  'cursorPointer' is defined but never used           no-unused-vars
   764:10  warning  'i' is not defined                                  no-undef
   765:18  warning  'i' is not defined                                  no-undef
   767:10  warning  'i' is not defined                                  no-undef
   768:11  warning  'i' is not defined                                  no-undef
   768:28  warning  'i' is not defined                                  no-undef
   768:48  warning  'i' is not defined                                  no-undef
   771:25  warning  'i' is not defined                                  no-undef
   795:6   warning  'intro' is not defined                              no-undef
   823:18  warning  'anime' is not defined                              no-undef
   845:15  warning  'intru' is not defined                              no-undef
   845:27  warning  'Typed' is not defined                              no-undef
   863:16  warning  'intru' is not defined                              no-undef
   879:6   warning  'objective' is not defined                          no-undef
   895:5   warning  'anime' is not defined                              no-undef
  1042:6   warning  'step2' is not defined                              no-undef
  1073:9   warning  'anime' is not defined                              no-undef
  1093:9   warning  'anime' is not defined                              no-undef
  1110:9   warning  'anime' is not defined                              no-undef
  1169:6   warning  'step3' is not defined                              no-undef
  1199:9   warning  'anime' is not defined                              no-undef
  1217:9   warning  'anime' is not defined                              no-undef
  1235:9   warning  'anime' is not defined                              no-undef
  1267:6   warning  'step4' is not defined                              no-undef
  1312:9   warning  'anime' is not defined                              no-undef
  1340:9   warning  'anime' is not defined                              no-undef
  1368:9   warning  'anime' is not defined                              no-undef
  1396:9   warning  'anime' is not defined                              no-undef
  1439:6   warning  'step5' is not defined                              no-undef
  1511:9   warning  'anime' is not defined                              no-undef
  1571:9   warning  'anime' is not defined                              no-undef
  1631:9   warning  'anime' is not defined                              no-undef
  1760:6   warning  'step6' is not defined                              no-undef
  2027:7   warning  'anime' is not defined                              no-undef
  2094:7   warning  'anime' is not defined                              no-undef
  2146:7   warning  'anime' is not defined                              no-undef
  2278:7   warning  'anime' is not defined                              no-undef
  2664:6   warning  'completed' is not defined                          no-undef
  2701:7   warning  'backDrawerItem' is not defined                     no-undef
  2702:7   warning  'backProgressBar' is not defined                    no-undef
  2712:9   warning  'nextDrawerItem' is not defined                     no-undef
  2713:9   warning  'nextProgressBar' is not defined                    no-undef
  2716:12  warning  Empty block statement                               no-empty
  2768:10  warning  'getCursor' is defined but never used               no-unused-vars

/home/runner/work/exp-column-peri-iitd/exp-column-peri-iitd/experiment/simulation/js/progressBar.js
   2:7  warning  'prevBtns' is assigned a value but never used         no-unused-vars
   3:7  warning  'nextBtns' is assigned a value but never used         no-unused-vars
  12:7  warning  'nextProgressBar' is assigned a value but never used  no-unused-vars
  19:7  warning  'backProgressBar' is assigned a value but never used  no-unused-vars

✖ 67 problems (0 errors, 67 warnings)

